[01m[K/home/tayya/path_planning_Astar/path_planning_robot/src/a_star_planner.cpp:[m[K In member function â€˜[01m[Kvoid path_planning_robot::AStarPlanner::mapCallback(nav_msgs::msg::OccupancyGrid_<std::allocator<void> >::SharedPtr)[m[Kâ€™:
[01m[K/home/tayya/path_planning_Astar/path_planning_robot/src/a_star_planner.cpp:73:14:[m[K [01;31m[Kerror: [m[Kâ€˜[01m[Kall_path_lengths_[m[Kâ€™ was not declared in this scope
   73 |         if (![01;31m[Kall_path_lengths_[m[K.empty()) {
      |              [01;31m[K^~~~~~~~~~~~~~~~~[m[K
[01m[K/home/tayya/path_planning_Astar/path_planning_robot/src/a_star_planner.cpp:[m[K In member function â€˜[01m[Kbool path_planning_robot::AStarPlanner::findPath(const path_planning_robot::GridNode&, const path_planning_robot::GridNode&)[m[Kâ€™:
[01m[K/home/tayya/path_planning_Astar/path_planning_robot/src/a_star_planner.cpp:133:13:[m[K [01;31m[Kerror: [m[Kâ€˜[01m[Kall_path_lengths_[m[Kâ€™ was not declared in this scope
  133 |             [01;31m[Kall_path_lengths_[m[K.push_back(path.size());
      |             [01;31m[K^~~~~~~~~~~~~~~~~[m[K
[01m[K/home/tayya/path_planning_Astar/path_planning_robot/src/a_star_planner.cpp:[m[K In member function â€˜[01m[Kbool path_planning_robot::AStarPlanner::isValid(int, int) const[m[Kâ€™:
[01m[K/home/tayya/path_planning_Astar/path_planning_robot/src/a_star_planner.cpp:229:15:[m[K [01;35m[Kwarning: [m[Kcomparison of integer expressions of different signedness: â€˜[01m[Kint[m[Kâ€™ and â€˜[01m[Kstd::vector<signed char, std::allocator<signed char> >::size_type[m[Kâ€™ {aka â€˜[01m[Klong unsigned int[m[Kâ€™} [[01;35m[K]8;;https://gcc.gnu.org/onlinedocs/gcc/Warning-Options.html#index-Wsign-compare-Wsign-compare]8;;[m[K]
  229 |     if ([01;35m[Kindex >= map_->data.size()[m[K) {
      |         [01;35m[K~~~~~~^~~~~~~~~~~~~~~~~~~~[m[K
gmake[2]: *** [CMakeFiles/a_star_planner.dir/build.make:76: CMakeFiles/a_star_planner.dir/src/a_star_planner.cpp.o] Error 1
gmake[1]: *** [CMakeFiles/Makefile2:165: CMakeFiles/a_star_planner.dir/all] Error 2
gmake: *** [Makefile:146: all] Error 2
