[0.010s] Invoking command in '/home/tayya/path_planning_Astar/build/path_planning_robot': CMAKE_PREFIX_PATH=${CMAKE_PREFIX_PATH}:/opt/ros/humble /usr/bin/cmake --build /home/tayya/path_planning_Astar/build/path_planning_robot -- -j8 -l8
[0.048s] [35m[1mConsolidate compiler generated dependencies of target occupancy_map_publisher[0m
[0.049s] [35m[1mConsolidate compiler generated dependencies of target a_star_planner[0m
[0.066s] [ 25%] [32mBuilding CXX object CMakeFiles/occupancy_map_publisher.dir/src/occupancy_map_publisher.cpp.o[0m
[0.071s] [ 50%] [32mBuilding CXX object CMakeFiles/a_star_planner.dir/src/a_star_planner.cpp.o[0m
[2.463s] [01m[K/home/tayya/path_planning_Astar/path_planning_robot/src/a_star_planner.cpp:[m[K In member function â€˜[01m[Kvoid path_planning_robot::AStarPlanner::mapCallback(nav_msgs::msg::OccupancyGrid_<std::allocator<void> >::SharedPtr)[m[Kâ€™:
[2.463s] [01m[K/home/tayya/path_planning_Astar/path_planning_robot/src/a_star_planner.cpp:73:14:[m[K [01;31m[Kerror: [m[Kâ€˜[01m[Kall_path_lengths_[m[Kâ€™ was not declared in this scope
[2.463s]    73 |         if (![01;31m[Kall_path_lengths_[m[K.empty()) {
[2.463s]       |              [01;31m[K^~~~~~~~~~~~~~~~~[m[K
[2.491s] [01m[K/home/tayya/path_planning_Astar/path_planning_robot/src/a_star_planner.cpp:[m[K In member function â€˜[01m[Kbool path_planning_robot::AStarPlanner::findPath(const path_planning_robot::GridNode&, const path_planning_robot::GridNode&)[m[Kâ€™:
[2.491s] [01m[K/home/tayya/path_planning_Astar/path_planning_robot/src/a_star_planner.cpp:133:13:[m[K [01;31m[Kerror: [m[Kâ€˜[01m[Kall_path_lengths_[m[Kâ€™ was not declared in this scope
[2.491s]   133 |             [01;31m[Kall_path_lengths_[m[K.push_back(path.size());
[2.491s]       |             [01;31m[K^~~~~~~~~~~~~~~~~[m[K
[2.496s] [01m[K/home/tayya/path_planning_Astar/path_planning_robot/src/a_star_planner.cpp:[m[K In member function â€˜[01m[Kbool path_planning_robot::AStarPlanner::isValid(int, int) const[m[Kâ€™:
[2.496s] [01m[K/home/tayya/path_planning_Astar/path_planning_robot/src/a_star_planner.cpp:229:15:[m[K [01;35m[Kwarning: [m[Kcomparison of integer expressions of different signedness: â€˜[01m[Kint[m[Kâ€™ and â€˜[01m[Kstd::vector<signed char, std::allocator<signed char> >::size_type[m[Kâ€™ {aka â€˜[01m[Klong unsigned int[m[Kâ€™} [[01;35m[K]8;;https://gcc.gnu.org/onlinedocs/gcc/Warning-Options.html#index-Wsign-compare-Wsign-compare]8;;[m[K]
[2.496s]   229 |     if ([01;35m[Kindex >= map_->data.size()[m[K) {
[2.496s]       |         [01;35m[K~~~~~~^~~~~~~~~~~~~~~~~~~~[m[K
[4.910s] [ 75%] [32m[1mLinking CXX executable occupancy_map_publisher[0m
[4.948s] gmake[2]: *** [CMakeFiles/a_star_planner.dir/build.make:76: CMakeFiles/a_star_planner.dir/src/a_star_planner.cpp.o] Error 1
[4.948s] gmake[1]: *** [CMakeFiles/Makefile2:165: CMakeFiles/a_star_planner.dir/all] Error 2
[4.948s] gmake[1]: *** Waiting for unfinished jobs....
[5.135s] [ 75%] Built target occupancy_map_publisher
[5.136s] gmake: *** [Makefile:146: all] Error 2
[5.138s] Invoked command in '/home/tayya/path_planning_Astar/build/path_planning_robot' returned '2': CMAKE_PREFIX_PATH=${CMAKE_PREFIX_PATH}:/opt/ros/humble /usr/bin/cmake --build /home/tayya/path_planning_Astar/build/path_planning_robot -- -j8 -l8
