[0.009s] Invoking command in '/home/tayya/path_planning_Astar/build/path_planning_robot': CMAKE_PREFIX_PATH=/opt/ros/humble /usr/bin/cmake --build /home/tayya/path_planning_Astar/build/path_planning_robot -- -j8 -l8
[0.029s] -- Found ament_cmake: 1.3.12 (/opt/ros/humble/share/ament_cmake/cmake)
[0.134s] -- Found rclcpp: 16.0.14 (/opt/ros/humble/share/rclcpp/cmake)
[0.156s] -- Found rosidl_generator_c: 3.1.7 (/opt/ros/humble/share/rosidl_generator_c/cmake)
[0.160s] -- Found rosidl_adapter: 3.1.7 (/opt/ros/humble/share/rosidl_adapter/cmake)
[0.166s] -- Found rosidl_generator_cpp: 3.1.7 (/opt/ros/humble/share/rosidl_generator_cpp/cmake)
[0.174s] -- Using all available rosidl_typesupport_c: rosidl_typesupport_fastrtps_c;rosidl_typesupport_introspection_c
[0.184s] -- Using all available rosidl_typesupport_cpp: rosidl_typesupport_fastrtps_cpp;rosidl_typesupport_introspection_cpp
[0.209s] -- Found rmw_implementation_cmake: 6.1.2 (/opt/ros/humble/share/rmw_implementation_cmake/cmake)
[0.210s] -- Found rmw_fastrtps_cpp: 6.2.8 (/opt/ros/humble/share/rmw_fastrtps_cpp/cmake)
[0.287s] -- Using RMW implementation 'rmw_fastrtps_cpp' as default
[0.326s] -- Found nav_msgs: 4.9.0 (/opt/ros/humble/share/nav_msgs/cmake)
[0.358s] -- Found ament_lint_auto: 0.12.14 (/opt/ros/humble/share/ament_lint_auto/cmake)
[0.421s] -- Added test 'cppcheck' to perform static code analysis on C / C++ code
[0.421s] -- Configured cppcheck include dirs: $<BUILD_INTERFACE:/home/tayya/path_planning_Astar/path_planning_robot/include>
[0.421s] -- Configured cppcheck exclude dirs and/or files: 
[0.421s] -- Added test 'flake8' to check Python code syntax and style conventions
[0.422s] -- Added test 'lint_cmake' to check CMake code style
[0.422s] -- Added test 'pep257' to check Python code against some of the docstring style conventions in PEP 257
[0.423s] -- Added test 'uncrustify' to check C / C++ code style
[0.424s] -- Configured uncrustify additional arguments: 
[0.424s] -- Added test 'xmllint' to check XML markup files
[0.425s] -- Configuring done
[0.442s] -- Generating done
[0.450s] -- Build files have been written to: /home/tayya/path_planning_Astar/build/path_planning_robot
[0.471s] [35m[1mConsolidate compiler generated dependencies of target occupancy_map_publisher[0m
[0.472s] [35m[1mConsolidate compiler generated dependencies of target a_star_planner[0m
[0.489s] [ 25%] [32mBuilding CXX object CMakeFiles/occupancy_map_publisher.dir/src/occupancy_map_publisher.cpp.o[0m
[0.492s] [ 75%] Built target a_star_planner
[0.497s] [01m[K/home/tayya/path_planning_Astar/path_planning_robot/src/occupancy_map_publisher.cpp:1:10:[m[K [01;31m[Kfatal error: [m[Kpath_planning_robot/occupancy_map_publisher.hpp: No such file or directory
[0.497s]     1 | #include [01;31m[K"path_planning_robot/occupancy_map_publisher.hpp"[m[K
[0.497s]       |          [01;31m[K^~~~~~~~~~~~~~~~~~~~~~~~~~~~~~~~~~~~~~~~~~~~~~~~~[m[K
[0.497s] compilation terminated.
[0.498s] gmake[2]: *** [CMakeFiles/occupancy_map_publisher.dir/build.make:76: CMakeFiles/occupancy_map_publisher.dir/src/occupancy_map_publisher.cpp.o] Error 1
[0.498s] gmake[1]: *** [CMakeFiles/Makefile2:139: CMakeFiles/occupancy_map_publisher.dir/all] Error 2
[0.498s] gmake: *** [Makefile:146: all] Error 2
[0.500s] Invoked command in '/home/tayya/path_planning_Astar/build/path_planning_robot' returned '2': CMAKE_PREFIX_PATH=/opt/ros/humble /usr/bin/cmake --build /home/tayya/path_planning_Astar/build/path_planning_robot -- -j8 -l8
